2026-03-10 23:51:05,195 | INFO | LECTURE_GENERATED | Teacher=Teacher 1 | Subject=AI0201 | Batch=D1 | Date=2026-03-10 | Time=23:50:00
2026-03-10 23:51:17,483 | INFO | LECTURE_GENERATED | Teacher=Teacher 1 | Subject=AI0201 | Batch=D1 | Date=2026-03-10 | Time=23:50:00
2026-03-10 23:51:35,512 | INFO | LECTURE_GENERATED | Teacher=Teacher 2 | Subject=AI0202 | Batch=D2 | Date=2026-03-10 | Time=23:51:00
2026-03-10 23:51:44,215 | INFO | LECTURE_GENERATED | Teacher=Teacher 2 | Subject=AI0202 | Batch=D2 | Date=2026-03-10 | Time=23:51:00
2026-03-11 00:32:17,117 | INFO | LECTURE_GENERATED | Teacher=Teacher 1 | Subject=AI0201 | Batch=D1 | Date=2026-03-11 | Time=00:32:00
2026-03-11 00:32:23,258 | INFO | CREATE_ATTENDANCE | Subject=AI0201 | Batch=D1 | Date=2026-03-11 | Time=00:32:00
2026-03-11 00:33:07,056 | INFO | ATTENDANCE_EDIT_MODE | Teacher=Teacher 1 | Subject=AI0201 | Batch=D1 | Date=2026-03-10 | Time=23:50:00
2026-03-11 00:33:12,165 | INFO | UPDATE_ATTENDANCE | Subject=AI0201 | Batch=D1 | Date=2026-03-10 | Time=23:50:00
2026-03-11 00:34:02,453 | INFO | ATTENDANCE_EDIT_MODE | Teacher=Teacher 1 | Subject=AI0201 | Batch=D1 | Date=2026-03-10 | Time=23:50:00
2026-03-11 00:34:07,946 | INFO | UPDATE_ATTENDANCE | Subject=AI0201 | Batch=D1 | Date=2026-03-10 | Time=23:50:00
2026-03-11 11:22:18,702 | INFO | LECTURE_GENERATED | Teacher=Teacher 3 | Subject=AI0203 | Batch=D2 | Date=2026-03-11 | Time=10:30:00
2026-03-11 11:22:53,827 | INFO | CREATE_ATTENDANCE | Subject=AI0203 | Batch=D2 | Date=2026-03-11 | Time=10:30:00
2026-03-11 11:23:31,844 | INFO | ATTENDANCE_EDIT_MODE | Teacher=Teacher 3 | Subject=AI0203 | Batch=D2 | Date=2026-03-11 | Time=10:30:00
2026-03-11 11:23:54,423 | INFO | UPDATE_ATTENDANCE | Subject=AI0203 | Batch=D2 | Date=2026-03-11 | Time=10:30:00
2026-03-11 11:27:46,056 | INFO | LECTURE_GENERATED | Teacher=Teacher 4 | Subject=AI0204 | Batch=D1 | Date=2026-03-11 | Time=10:30:00
2026-03-11 11:27:58,187 | INFO | CREATE_ATTENDANCE | Subject=AI0204 | Batch=D1 | Date=2026-03-11 | Time=10:30:00
2026-03-11 11:28:29,995 | INFO | ATTENDANCE_EDIT_MODE | Teacher=Teacher 4 | Subject=AI0204 | Batch=D1 | Date=2026-03-11 | Time=10:30:00
2026-03-11 11:28:42,375 | INFO | UPDATE_ATTENDANCE | Subject=AI0204 | Batch=D1 | Date=2026-03-11 | Time=10:30:00
2026-03-13 22:25:54,275 | INFO | LECTURE_GENERATED | Teacher=Teacher 5 | Subject=AI0205 | Batch=BOTH | Date=2026-03-13 | Time=22:30:00
2026-03-13 22:26:03,289 | INFO | CREATE_ATTENDANCE | Subject=AI0205 | Batch=BOTH | Date=2026-03-13 | Time=22:30:00
2026-03-13 22:28:05,193 | INFO | ATTENDANCE_EDIT_MODE | Teacher=Teacher 5 | Subject=AI0205 | Batch=BOTH | Date=2026-03-13 | Time=22:30:00
2026-03-13 22:28:14,206 | INFO | UPDATE_ATTENDANCE | Subject=AI0205 | Batch=BOTH | Date=2026-03-13 | Time=22:30:00
2026-03-13 22:44:59,239 | INFO | LECTURE_GENERATED | Teacher=Teacher 5 | Subject=AI0205 | Batch=BOTH | Date=2026-03-13 | Time=22:30:00
2026-03-13 22:45:06,322 | INFO | CREATE_ATTENDANCE | Subject=AI0205 | Batch=BOTH | Date=2026-03-13 | Time=22:30:00
2026-03-13 22:46:21,303 | INFO | ATTENDANCE_EDIT_MODE | Teacher=Teacher 5 | Subject=AI0205 | Batch=BOTH | Date=2026-03-13 | Time=22:30:00
2026-03-13 22:46:44,064 | INFO | UPDATE_ATTENDANCE | Subject=AI0205 | Batch=BOTH | Date=2026-03-13 | Time=22:30:00
2026-03-13 22:48:08,163 | INFO | ATTENDANCE_EDIT_MODE | Teacher=Teacher 1 | Subject=AI0201 | Batch=D1 | Date=2026-03-10 | Time=23:50:00
2026-03-13 22:48:15,712 | INFO | UPDATE_ATTENDANCE | Subject=AI0201 | Batch=D1 | Date=2026-03-10 | Time=23:50:00
2026-03-30 01:45:19,322 | INFO | ATTENDANCE_EDIT_MODE | Teacher=Teacher 4 | Subject=AI0204 | Batch=D1 | Date=2026-03-11 | Time=10:30:00
2026-03-30 01:45:40,325 | INFO | UPDATE_ATTENDANCE | Subject=AI0204 | Batch=D1 | Date=2026-03-11 | Time=10:30:00
2026-03-30 01:46:03,370 | INFO | LECTURE_GENERATED | Teacher=Teacher 4 | Subject=AI0204 | Batch=BOTH | Date=2026-03-30 | Time=01:45:00
2026-03-30 01:46:09,840 | INFO | CREATE_ATTENDANCE | Subject=AI0204 | Batch=BOTH | Date=2026-03-30 | Time=01:45:00
